[01.12.2016 16:48:06,634] [main] WARN  org.jgap.gp.impl.GPPopulation  - Prototype program reused because random program did not satisfy constraints
[01.12.2016 16:48:06,635] [main] WARN  org.jgap.gp.impl.GPPopulation  - Prototype program reused because random program did not satisfy constraints
[01.12.2016 16:48:06,636] [main] WARN  org.jgap.gp.impl.GPPopulation  - Prototype program reused because random program did not satisfy constraints
[01.12.2016 16:48:06,636] [main] WARN  org.jgap.gp.impl.GPPopulation  - Prototype program reused because random program did not satisfy constraints
[01.12.2016 16:48:06,637] [main] WARN  org.jgap.gp.impl.GPPopulation  - Prototype program reused because random program did not satisfy constraints
[01.12.2016 16:48:06,638] [main] WARN  org.jgap.gp.impl.GPPopulation  - Prototype program reused because random program did not satisfy constraints
[01.12.2016 16:48:06,639] [main] WARN  org.jgap.gp.impl.GPPopulation  - Prototype program reused because random program did not satisfy constraints
[01.12.2016 16:48:06,639] [main] WARN  org.jgap.gp.impl.GPPopulation  - Prototype program reused because random program did not satisfy constraints
[01.12.2016 16:48:06,640] [main] WARN  org.jgap.gp.impl.GPPopulation  - Prototype program reused because random program did not satisfy constraints
[01.12.2016 16:48:06,641] [main] WARN  org.jgap.gp.impl.GPPopulation  - Prototype program reused because random program did not satisfy constraints
[01.12.2016 16:48:06,642] [main] WARN  org.jgap.gp.impl.GPPopulation  - Prototype program reused because random program did not satisfy constraints
[01.12.2016 16:48:06,643] [main] WARN  org.jgap.gp.impl.GPPopulation  - Prototype program reused because random program did not satisfy constraints
[01.12.2016 16:48:06,644] [main] WARN  org.jgap.gp.impl.GPPopulation  - Prototype program reused because random program did not satisfy constraints
[01.12.2016 16:48:06,645] [main] WARN  org.jgap.gp.impl.GPPopulation  - Prototype program reused because random program did not satisfy constraints
[01.12.2016 16:48:06,645] [main] WARN  org.jgap.gp.impl.GPPopulation  - Prototype program reused because random program did not satisfy constraints
[01.12.2016 16:48:06,647] [main] WARN  org.jgap.gp.impl.GPPopulation  - Prototype program reused because random program did not satisfy constraints
[01.12.2016 16:48:06,647] [main] WARN  org.jgap.gp.impl.GPPopulation  - Prototype program reused because random program did not satisfy constraints
[01.12.2016 16:48:06,648] [main] WARN  org.jgap.gp.impl.GPPopulation  - Prototype program reused because random program did not satisfy constraints
[01.12.2016 16:48:06,649] [main] WARN  org.jgap.gp.impl.GPPopulation  - Prototype program reused because random program did not satisfy constraints
[01.12.2016 16:48:06,649] [main] WARN  org.jgap.gp.impl.GPPopulation  - Prototype program reused because random program did not satisfy constraints
[01.12.2016 16:48:06,650] [main] WARN  org.jgap.gp.impl.GPPopulation  - Prototype program reused because random program did not satisfy constraints
[01.12.2016 16:48:06,650] [main] WARN  org.jgap.gp.impl.GPPopulation  - Prototype program reused because random program did not satisfy constraints
[01.12.2016 16:48:06,651] [main] WARN  org.jgap.gp.impl.GPPopulation  - Prototype program reused because random program did not satisfy constraints
[01.12.2016 16:48:06,651] [main] WARN  org.jgap.gp.impl.GPPopulation  - Prototype program reused because random program did not satisfy constraints
[01.12.2016 16:48:06,652] [main] WARN  org.jgap.gp.impl.GPPopulation  - Prototype program reused because random program did not satisfy constraints
[01.12.2016 16:48:06,652] [main] WARN  org.jgap.gp.impl.GPPopulation  - Prototype program reused because random program did not satisfy constraints
[01.12.2016 16:48:06,652] [main] WARN  org.jgap.gp.impl.GPPopulation  - Prototype program reused because random program did not satisfy constraints
[01.12.2016 16:48:06,653] [main] WARN  org.jgap.gp.impl.GPPopulation  - Prototype program reused because random program did not satisfy constraints
[01.12.2016 16:48:06,653] [main] WARN  org.jgap.gp.impl.GPPopulation  - Prototype program reused because random program did not satisfy constraints
[01.12.2016 16:48:06,654] [main] WARN  org.jgap.gp.impl.GPPopulation  - Prototype program reused because random program did not satisfy constraints
[01.12.2016 16:48:06,654] [main] WARN  org.jgap.gp.impl.GPPopulation  - Prototype program reused because random program did not satisfy constraints
[01.12.2016 16:48:06,654] [main] WARN  org.jgap.gp.impl.GPPopulation  - Prototype program reused because random program did not satisfy constraints
[01.12.2016 16:48:06,655] [main] WARN  org.jgap.gp.impl.GPPopulation  - Prototype program reused because random program did not satisfy constraints
[01.12.2016 16:48:06,655] [main] WARN  org.jgap.gp.impl.GPPopulation  - Prototype program reused because random program did not satisfy constraints
[01.12.2016 16:48:06,655] [main] WARN  org.jgap.gp.impl.GPPopulation  - Prototype program reused because random program did not satisfy constraints
[01.12.2016 16:48:06,656] [main] WARN  org.jgap.gp.impl.GPPopulation  - Prototype program reused because random program did not satisfy constraints
[01.12.2016 16:48:06,656] [main] WARN  org.jgap.gp.impl.GPPopulation  - Prototype program reused because random program did not satisfy constraints
[01.12.2016 16:48:06,657] [main] WARN  org.jgap.gp.impl.GPPopulation  - Prototype program reused because random program did not satisfy constraints
[01.12.2016 16:48:06,657] [main] WARN  org.jgap.gp.impl.GPPopulation  - Prototype program reused because random program did not satisfy constraints
[01.12.2016 16:48:06,658] [main] WARN  org.jgap.gp.impl.GPPopulation  - Prototype program reused because random program did not satisfy constraints
[01.12.2016 16:48:06,658] [main] WARN  org.jgap.gp.impl.GPPopulation  - Prototype program reused because random program did not satisfy constraints
[01.12.2016 16:48:06,659] [main] WARN  org.jgap.gp.impl.GPPopulation  - Prototype program reused because random program did not satisfy constraints
[01.12.2016 16:48:06,659] [main] WARN  org.jgap.gp.impl.GPPopulation  - Prototype program reused because random program did not satisfy constraints
[01.12.2016 16:48:06,659] [main] WARN  org.jgap.gp.impl.GPPopulation  - Prototype program reused because random program did not satisfy constraints
[01.12.2016 16:48:06,660] [main] WARN  org.jgap.gp.impl.GPPopulation  - Prototype program reused because random program did not satisfy constraints
[01.12.2016 16:48:06,660] [main] WARN  org.jgap.gp.impl.GPPopulation  - Prototype program reused because random program did not satisfy constraints
[01.12.2016 16:48:06,660] [main] WARN  org.jgap.gp.impl.GPPopulation  - Prototype program reused because random program did not satisfy constraints
[01.12.2016 16:48:06,661] [main] WARN  org.jgap.gp.impl.GPPopulation  - Prototype program reused because random program did not satisfy constraints
[01.12.2016 16:48:06,661] [main] WARN  org.jgap.gp.impl.GPPopulation  - Prototype program reused because random program did not satisfy constraints
[01.12.2016 16:48:06,661] [main] WARN  org.jgap.gp.impl.GPPopulation  - Prototype program reused because random program did not satisfy constraints
[01.12.2016 16:48:06,662] [main] WARN  org.jgap.gp.impl.GPPopulation  - Prototype program reused because random program did not satisfy constraints
[01.12.2016 16:48:06,662] [main] WARN  org.jgap.gp.impl.GPPopulation  - Prototype program reused because random program did not satisfy constraints
[01.12.2016 16:48:06,663] [main] WARN  org.jgap.gp.impl.GPPopulation  - Prototype program reused because random program did not satisfy constraints
[01.12.2016 16:48:06,664] [main] WARN  org.jgap.gp.impl.GPPopulation  - Prototype program reused because random program did not satisfy constraints
[01.12.2016 16:48:06,665] [main] WARN  org.jgap.gp.impl.GPPopulation  - Prototype program reused because random program did not satisfy constraints
[01.12.2016 16:48:06,666] [main] WARN  org.jgap.gp.impl.GPPopulation  - Prototype program reused because random program did not satisfy constraints
[01.12.2016 16:48:06,667] [main] WARN  org.jgap.gp.impl.GPPopulation  - Prototype program reused because random program did not satisfy constraints
[01.12.2016 16:48:06,667] [main] WARN  org.jgap.gp.impl.GPPopulation  - Prototype program reused because random program did not satisfy constraints
[01.12.2016 16:48:06,668] [main] WARN  org.jgap.gp.impl.GPPopulation  - Prototype program reused because random program did not satisfy constraints
[01.12.2016 16:48:06,669] [main] WARN  org.jgap.gp.impl.GPPopulation  - Prototype program reused because random program did not satisfy constraints
[01.12.2016 16:48:06,670] [main] WARN  org.jgap.gp.impl.GPPopulation  - Prototype program reused because random program did not satisfy constraints
[01.12.2016 16:48:06,670] [main] WARN  org.jgap.gp.impl.GPPopulation  - Prototype program reused because random program did not satisfy constraints
[01.12.2016 16:48:06,671] [main] WARN  org.jgap.gp.impl.GPPopulation  - Prototype program reused because random program did not satisfy constraints
[01.12.2016 16:48:06,671] [main] WARN  org.jgap.gp.impl.GPPopulation  - Prototype program reused because random program did not satisfy constraints
[01.12.2016 16:48:06,672] [main] WARN  org.jgap.gp.impl.GPPopulation  - Prototype program reused because random program did not satisfy constraints
[01.12.2016 16:48:06,672] [main] WARN  org.jgap.gp.impl.GPPopulation  - Prototype program reused because random program did not satisfy constraints
[01.12.2016 16:48:06,672] [main] WARN  org.jgap.gp.impl.GPPopulation  - Prototype program reused because random program did not satisfy constraints
[01.12.2016 16:48:06,673] [main] WARN  org.jgap.gp.impl.GPPopulation  - Prototype program reused because random program did not satisfy constraints
[01.12.2016 16:48:06,673] [main] WARN  org.jgap.gp.impl.GPPopulation  - Prototype program reused because random program did not satisfy constraints
[01.12.2016 16:48:06,674] [main] WARN  org.jgap.gp.impl.GPPopulation  - Prototype program reused because random program did not satisfy constraints
[01.12.2016 16:48:06,675] [main] WARN  org.jgap.gp.impl.GPPopulation  - Prototype program reused because random program did not satisfy constraints
[01.12.2016 16:48:06,675] [main] WARN  org.jgap.gp.impl.GPPopulation  - Prototype program reused because random program did not satisfy constraints
[01.12.2016 16:48:06,676] [main] WARN  org.jgap.gp.impl.GPPopulation  - Prototype program reused because random program did not satisfy constraints
[01.12.2016 16:48:06,676] [main] WARN  org.jgap.gp.impl.GPPopulation  - Prototype program reused because random program did not satisfy constraints
[01.12.2016 16:48:06,677] [main] WARN  org.jgap.gp.impl.GPPopulation  - Prototype program reused because random program did not satisfy constraints
[01.12.2016 16:48:06,677] [main] WARN  org.jgap.gp.impl.GPPopulation  - Prototype program reused because random program did not satisfy constraints
[01.12.2016 16:48:06,678] [main] WARN  org.jgap.gp.impl.GPPopulation  - Prototype program reused because random program did not satisfy constraints
[01.12.2016 16:48:06,678] [main] WARN  org.jgap.gp.impl.GPPopulation  - Prototype program reused because random program did not satisfy constraints
[01.12.2016 16:48:06,678] [main] WARN  org.jgap.gp.impl.GPPopulation  - Prototype program reused because random program did not satisfy constraints
[01.12.2016 16:48:06,679] [main] WARN  org.jgap.gp.impl.GPPopulation  - Prototype program reused because random program did not satisfy constraints
[01.12.2016 16:48:06,679] [main] WARN  org.jgap.gp.impl.GPPopulation  - Prototype program reused because random program did not satisfy constraints
[01.12.2016 16:48:06,680] [main] WARN  org.jgap.gp.impl.GPPopulation  - Prototype program reused because random program did not satisfy constraints
[01.12.2016 16:48:06,680] [main] WARN  org.jgap.gp.impl.GPPopulation  - Prototype program reused because random program did not satisfy constraints
[01.12.2016 16:48:06,680] [main] WARN  org.jgap.gp.impl.GPPopulation  - Prototype program reused because random program did not satisfy constraints
[01.12.2016 16:48:06,681] [main] WARN  org.jgap.gp.impl.GPPopulation  - Prototype program reused because random program did not satisfy constraints
[01.12.2016 16:48:06,681] [main] WARN  org.jgap.gp.impl.GPPopulation  - Prototype program reused because random program did not satisfy constraints
[01.12.2016 16:48:06,682] [main] WARN  org.jgap.gp.impl.GPPopulation  - Prototype program reused because random program did not satisfy constraints
[01.12.2016 16:48:06,682] [main] WARN  org.jgap.gp.impl.GPPopulation  - Prototype program reused because random program did not satisfy constraints
[01.12.2016 16:48:06,683] [main] WARN  org.jgap.gp.impl.GPPopulation  - Prototype program reused because random program did not satisfy constraints
[01.12.2016 16:48:06,683] [main] WARN  org.jgap.gp.impl.GPPopulation  - Prototype program reused because random program did not satisfy constraints
[01.12.2016 16:48:06,683] [main] WARN  org.jgap.gp.impl.GPPopulation  - Prototype program reused because random program did not satisfy constraints
[01.12.2016 16:48:06,683] [main] WARN  org.jgap.gp.impl.GPPopulation  - Prototype program reused because random program did not satisfy constraints
[01.12.2016 16:48:06,684] [main] WARN  org.jgap.gp.impl.GPPopulation  - Prototype program reused because random program did not satisfy constraints
[01.12.2016 16:48:06,685] [main] WARN  org.jgap.gp.impl.GPPopulation  - Prototype program reused because random program did not satisfy constraints
[01.12.2016 16:48:06,685] [main] WARN  org.jgap.gp.impl.GPPopulation  - Prototype program reused because random program did not satisfy constraints
[01.12.2016 16:48:06,685] [main] WARN  org.jgap.gp.impl.GPPopulation  - Prototype program reused because random program did not satisfy constraints
[01.12.2016 16:48:06,686] [main] WARN  org.jgap.gp.impl.GPPopulation  - Prototype program reused because random program did not satisfy constraints
[01.12.2016 16:48:06,686] [main] WARN  org.jgap.gp.impl.GPPopulation  - Prototype program reused because random program did not satisfy constraints
[01.12.2016 16:48:06,686] [main] WARN  org.jgap.gp.impl.GPPopulation  - Prototype program reused because random program did not satisfy constraints
[01.12.2016 16:48:06,687] [main] WARN  org.jgap.gp.impl.GPPopulation  - Prototype program reused because random program did not satisfy constraints
[01.12.2016 16:48:06,687] [main] WARN  org.jgap.gp.impl.GPPopulation  - Prototype program reused because random program did not satisfy constraints
[01.12.2016 16:48:06,687] [main] WARN  org.jgap.gp.impl.GPPopulation  - Prototype program reused because random program did not satisfy constraints
[01.12.2016 16:48:06,688] [main] WARN  org.jgap.gp.impl.GPPopulation  - Prototype program reused because random program did not satisfy constraints
[01.12.2016 16:48:06,688] [main] WARN  org.jgap.gp.impl.GPPopulation  - Prototype program reused because random program did not satisfy constraints
[01.12.2016 16:48:06,688] [main] WARN  org.jgap.gp.impl.GPPopulation  - Prototype program reused because random program did not satisfy constraints
[01.12.2016 16:48:06,689] [main] WARN  org.jgap.gp.impl.GPPopulation  - Prototype program reused because random program did not satisfy constraints
[01.12.2016 16:48:06,689] [main] WARN  org.jgap.gp.impl.GPPopulation  - Prototype program reused because random program did not satisfy constraints
[01.12.2016 16:48:06,689] [main] WARN  org.jgap.gp.impl.GPPopulation  - Prototype program reused because random program did not satisfy constraints
[01.12.2016 16:48:06,690] [main] WARN  org.jgap.gp.impl.GPPopulation  - Prototype program reused because random program did not satisfy constraints
[01.12.2016 16:48:06,691] [main] WARN  org.jgap.gp.impl.GPPopulation  - Prototype program reused because random program did not satisfy constraints
[01.12.2016 16:48:06,691] [main] WARN  org.jgap.gp.impl.GPPopulation  - Prototype program reused because random program did not satisfy constraints
[01.12.2016 16:48:06,691] [main] WARN  org.jgap.gp.impl.GPPopulation  - Prototype program reused because random program did not satisfy constraints
[01.12.2016 16:48:06,692] [main] WARN  org.jgap.gp.impl.GPPopulation  - Prototype program reused because random program did not satisfy constraints
[01.12.2016 16:48:06,692] [main] WARN  org.jgap.gp.impl.GPPopulation  - Prototype program reused because random program did not satisfy constraints
[01.12.2016 16:48:06,693] [main] WARN  org.jgap.gp.impl.GPPopulation  - Prototype program reused because random program did not satisfy constraints
[01.12.2016 16:48:06,693] [main] WARN  org.jgap.gp.impl.GPPopulation  - Prototype program reused because random program did not satisfy constraints
[01.12.2016 16:48:06,693] [main] WARN  org.jgap.gp.impl.GPPopulation  - Prototype program reused because random program did not satisfy constraints
[01.12.2016 16:48:06,694] [main] WARN  org.jgap.gp.impl.GPPopulation  - Prototype program reused because random program did not satisfy constraints
[01.12.2016 16:48:06,694] [main] WARN  org.jgap.gp.impl.GPPopulation  - Prototype program reused because random program did not satisfy constraints
[01.12.2016 16:48:06,695] [main] WARN  org.jgap.gp.impl.GPPopulation  - Prototype program reused because random program did not satisfy constraints
[01.12.2016 16:48:06,696] [main] WARN  org.jgap.gp.impl.GPPopulation  - Prototype program reused because random program did not satisfy constraints
[01.12.2016 16:48:06,696] [main] WARN  org.jgap.gp.impl.GPPopulation  - Prototype program reused because random program did not satisfy constraints
[01.12.2016 16:48:06,697] [main] WARN  org.jgap.gp.impl.GPPopulation  - Prototype program reused because random program did not satisfy constraints
[01.12.2016 16:48:06,697] [main] WARN  org.jgap.gp.impl.GPPopulation  - Prototype program reused because random program did not satisfy constraints
[01.12.2016 16:48:06,697] [main] WARN  org.jgap.gp.impl.GPPopulation  - Prototype program reused because random program did not satisfy constraints
[01.12.2016 16:48:06,698] [main] WARN  org.jgap.gp.impl.GPPopulation  - Prototype program reused because random program did not satisfy constraints
[01.12.2016 16:48:06,698] [main] WARN  org.jgap.gp.impl.GPPopulation  - Prototype program reused because random program did not satisfy constraints
[01.12.2016 16:48:06,698] [main] WARN  org.jgap.gp.impl.GPPopulation  - Prototype program reused because random program did not satisfy constraints
[01.12.2016 16:48:06,699] [main] WARN  org.jgap.gp.impl.GPPopulation  - Prototype program reused because random program did not satisfy constraints
[01.12.2016 16:48:06,699] [main] WARN  org.jgap.gp.impl.GPPopulation  - Prototype program reused because random program did not satisfy constraints
[01.12.2016 16:48:06,700] [main] WARN  org.jgap.gp.impl.GPPopulation  - Prototype program reused because random program did not satisfy constraints
[01.12.2016 16:48:06,700] [main] WARN  org.jgap.gp.impl.GPPopulation  - Prototype program reused because random program did not satisfy constraints
[01.12.2016 16:48:06,701] [main] WARN  org.jgap.gp.impl.GPPopulation  - Prototype program reused because random program did not satisfy constraints
[01.12.2016 16:48:06,701] [main] WARN  org.jgap.gp.impl.GPPopulation  - Prototype program reused because random program did not satisfy constraints
[01.12.2016 16:48:06,701] [main] WARN  org.jgap.gp.impl.GPPopulation  - Prototype program reused because random program did not satisfy constraints
[01.12.2016 16:48:06,702] [main] WARN  org.jgap.gp.impl.GPPopulation  - Prototype program reused because random program did not satisfy constraints
[01.12.2016 16:48:06,702] [main] WARN  org.jgap.gp.impl.GPPopulation  - Prototype program reused because random program did not satisfy constraints
[01.12.2016 16:48:06,702] [main] WARN  org.jgap.gp.impl.GPPopulation  - Prototype program reused because random program did not satisfy constraints
[01.12.2016 16:48:06,703] [main] WARN  org.jgap.gp.impl.GPPopulation  - Prototype program reused because random program did not satisfy constraints
[01.12.2016 16:48:06,703] [main] WARN  org.jgap.gp.impl.GPPopulation  - Prototype program reused because random program did not satisfy constraints
[01.12.2016 16:48:06,703] [main] WARN  org.jgap.gp.impl.GPPopulation  - Prototype program reused because random program did not satisfy constraints
[01.12.2016 16:48:06,704] [main] WARN  org.jgap.gp.impl.GPPopulation  - Prototype program reused because random program did not satisfy constraints
[01.12.2016 16:48:06,704] [main] WARN  org.jgap.gp.impl.GPPopulation  - Prototype program reused because random program did not satisfy constraints
[01.12.2016 16:48:06,705] [main] WARN  org.jgap.gp.impl.GPPopulation  - Prototype program reused because random program did not satisfy constraints
[01.12.2016 16:48:06,706] [main] WARN  org.jgap.gp.impl.GPPopulation  - Prototype program reused because random program did not satisfy constraints
[01.12.2016 16:48:06,707] [main] WARN  org.jgap.gp.impl.GPPopulation  - Prototype program reused because random program did not satisfy constraints
[01.12.2016 16:48:06,707] [main] WARN  org.jgap.gp.impl.GPPopulation  - Prototype program reused because random program did not satisfy constraints
[01.12.2016 16:48:06,708] [main] WARN  org.jgap.gp.impl.GPPopulation  - Prototype program reused because random program did not satisfy constraints
[01.12.2016 16:48:06,708] [main] WARN  org.jgap.gp.impl.GPPopulation  - Prototype program reused because random program did not satisfy constraints
[01.12.2016 16:48:06,708] [main] WARN  org.jgap.gp.impl.GPPopulation  - Prototype program reused because random program did not satisfy constraints
[01.12.2016 16:48:06,709] [main] WARN  org.jgap.gp.impl.GPPopulation  - Prototype program reused because random program did not satisfy constraints
[01.12.2016 16:48:06,709] [main] WARN  org.jgap.gp.impl.GPPopulation  - Prototype program reused because random program did not satisfy constraints
[01.12.2016 16:48:06,709] [main] WARN  org.jgap.gp.impl.GPPopulation  - Prototype program reused because random program did not satisfy constraints
[01.12.2016 16:48:06,710] [main] WARN  org.jgap.gp.impl.GPPopulation  - Prototype program reused because random program did not satisfy constraints
[01.12.2016 16:48:06,710] [main] WARN  org.jgap.gp.impl.GPPopulation  - Prototype program reused because random program did not satisfy constraints
[01.12.2016 16:48:06,710] [main] WARN  org.jgap.gp.impl.GPPopulation  - Prototype program reused because random program did not satisfy constraints
[01.12.2016 16:48:06,710] [main] WARN  org.jgap.gp.impl.GPPopulation  - Prototype program reused because random program did not satisfy constraints
[01.12.2016 16:48:06,711] [main] WARN  org.jgap.gp.impl.GPPopulation  - Prototype program reused because random program did not satisfy constraints
[01.12.2016 16:48:06,711] [main] WARN  org.jgap.gp.impl.GPPopulation  - Prototype program reused because random program did not satisfy constraints
[01.12.2016 16:48:06,712] [main] WARN  org.jgap.gp.impl.GPPopulation  - Prototype program reused because random program did not satisfy constraints
[01.12.2016 16:48:06,712] [main] WARN  org.jgap.gp.impl.GPPopulation  - Prototype program reused because random program did not satisfy constraints
[01.12.2016 16:48:06,712] [main] WARN  org.jgap.gp.impl.GPPopulation  - Prototype program reused because random program did not satisfy constraints
[01.12.2016 16:48:06,713] [main] WARN  org.jgap.gp.impl.GPPopulation  - Prototype program reused because random program did not satisfy constraints
[01.12.2016 16:48:06,714] [main] WARN  org.jgap.gp.impl.GPPopulation  - Prototype program reused because random program did not satisfy constraints
[01.12.2016 16:48:06,714] [main] WARN  org.jgap.gp.impl.GPPopulation  - Prototype program reused because random program did not satisfy constraints
[01.12.2016 16:48:06,714] [main] WARN  org.jgap.gp.impl.GPPopulation  - Prototype program reused because random program did not satisfy constraints
[01.12.2016 16:48:06,715] [main] WARN  org.jgap.gp.impl.GPPopulation  - Prototype program reused because random program did not satisfy constraints
[01.12.2016 16:48:06,716] [main] WARN  org.jgap.gp.impl.GPPopulation  - Prototype program reused because random program did not satisfy constraints
[01.12.2016 16:48:06,716] [main] WARN  org.jgap.gp.impl.GPPopulation  - Prototype program reused because random program did not satisfy constraints
[01.12.2016 16:48:06,717] [main] WARN  org.jgap.gp.impl.GPPopulation  - Prototype program reused because random program did not satisfy constraints
[01.12.2016 16:48:06,717] [main] WARN  org.jgap.gp.impl.GPPopulation  - Prototype program reused because random program did not satisfy constraints
[01.12.2016 16:48:06,718] [main] WARN  org.jgap.gp.impl.GPPopulation  - Prototype program reused because random program did not satisfy constraints
[01.12.2016 16:48:06,718] [main] WARN  org.jgap.gp.impl.GPPopulation  - Prototype program reused because random program did not satisfy constraints
[01.12.2016 16:48:06,724] [main] WARN  org.jgap.gp.impl.GPPopulation  - Prototype program reused because random program did not satisfy constraints
[01.12.2016 16:48:06,725] [main] WARN  org.jgap.gp.impl.GPPopulation  - Prototype program reused because random program did not satisfy constraints
[01.12.2016 16:48:06,726] [main] WARN  org.jgap.gp.impl.GPPopulation  - Prototype program reused because random program did not satisfy constraints
[01.12.2016 16:48:06,726] [main] WARN  org.jgap.gp.impl.GPPopulation  - Prototype program reused because random program did not satisfy constraints
[01.12.2016 16:48:06,727] [main] WARN  org.jgap.gp.impl.GPPopulation  - Prototype program reused because random program did not satisfy constraints
[01.12.2016 16:48:06,727] [main] WARN  org.jgap.gp.impl.GPPopulation  - Prototype program reused because random program did not satisfy constraints
[01.12.2016 16:48:06,745] [main] INFO  org.jgap.gp.impl.GPGenotype  - Mem free after creating population: 121.0 MB
[01.12.2016 16:48:06,746] [main] INFO  org.jgap.gp.impl.GPGenotype  - Evolving generation 0, memory free: 118.2 MB
[01.12.2016 16:48:06,812] [main] INFO  org.jgap.gp.impl.GPGenotype  - Best solution fitness: 1476.0
[01.12.2016 16:48:06,813] [main] INFO  org.jgap.gp.impl.GPGenotype  - Best solution: Hardware + (KSLOC + Duration)
[01.12.2016 16:48:06,813] [main] INFO  org.jgap.gp.impl.GPGenotype  - Depth of chrom: 2
[01.12.2016 16:48:06,838] [main] INFO  org.jgap.gp.impl.GPGenotype  - Best solution fitness: 1350.0
[01.12.2016 16:48:06,838] [main] INFO  org.jgap.gp.impl.GPGenotype  - Best solution: (RAWFP / 5.00814648448537) / Language
[01.12.2016 16:48:06,838] [main] INFO  org.jgap.gp.impl.GPGenotype  - Depth of chrom: 2
[01.12.2016 16:48:06,886] [main] INFO  org.jgap.gp.impl.GPGenotype  - Best solution fitness: 1343.0
[01.12.2016 16:48:06,887] [main] INFO  org.jgap.gp.impl.GPGenotype  - Best solution: ((RAWFP / 5.00814648448537) / Language) + Duration
[01.12.2016 16:48:06,887] [main] INFO  org.jgap.gp.impl.GPGenotype  - Depth of chrom: 3
[01.12.2016 16:48:06,998] [main] INFO  org.jgap.gp.impl.GPGenotype  - Best solution fitness: 1335.0
[01.12.2016 16:48:06,998] [main] INFO  org.jgap.gp.impl.GPGenotype  - Best solution: Hardware + ((RAWFP / 5.00814648448537) / Language)
[01.12.2016 16:48:06,999] [main] INFO  org.jgap.gp.impl.GPGenotype  - Depth of chrom: 3
[01.12.2016 16:48:07,128] [main] INFO  org.jgap.gp.impl.GPGenotype  - Best solution fitness: 1330.0
[01.12.2016 16:48:07,130] [main] INFO  org.jgap.gp.impl.GPGenotype  - Best solution: ((RAWFP / 5.466824945994993) / Language) + Duration
[01.12.2016 16:48:07,130] [main] INFO  org.jgap.gp.impl.GPGenotype  - Depth of chrom: 3
[01.12.2016 16:48:07,305] [main] INFO  org.jgap.gp.impl.GPGenotype  - Best solution fitness: 1325.0
[01.12.2016 16:48:07,305] [main] INFO  org.jgap.gp.impl.GPGenotype  - Best solution: ((Hardware + ((RAWFP / 5.252098336945169) - Language)) + Duration) / Language
[01.12.2016 16:48:07,305] [main] INFO  org.jgap.gp.impl.GPGenotype  - Depth of chrom: 5
[01.12.2016 16:48:07,323] [main] INFO  org.jgap.gp.impl.GPGenotype  - Best solution fitness: 1318.0
[01.12.2016 16:48:07,324] [main] INFO  org.jgap.gp.impl.GPGenotype  - Best solution: ((Hardware + (RAWFP / 5.536539945524076)) + Duration) / Language
[01.12.2016 16:48:07,324] [main] INFO  org.jgap.gp.impl.GPGenotype  - Depth of chrom: 4
[01.12.2016 16:48:07,324] [main] INFO  org.jgap.gp.impl.GPGenotype  - Evolving generation 25, memory free: 175.5 MB
[01.12.2016 16:48:07,494] [main] INFO  org.jgap.gp.impl.GPGenotype  - Best solution fitness: 1314.0
[01.12.2016 16:48:07,494] [main] INFO  org.jgap.gp.impl.GPGenotype  - Best solution: Duration + ((Hardware + (RAWFP / 5.466824945994993)) / Language)
[01.12.2016 16:48:07,495] [main] INFO  org.jgap.gp.impl.GPGenotype  - Depth of chrom: 4
[01.12.2016 16:48:07,543] [main] INFO  org.jgap.gp.impl.GPGenotype  - Best solution fitness: 1307.0
[01.12.2016 16:48:07,543] [main] INFO  org.jgap.gp.impl.GPGenotype  - Best solution: (Hardware + (((RAWFP / 6.134910282680174) / Language) + Duration)) + Duration
[01.12.2016 16:48:07,543] [main] INFO  org.jgap.gp.impl.GPGenotype  - Depth of chrom: 5
[01.12.2016 16:48:07,563] [main] INFO  org.jgap.gp.impl.GPGenotype  - Best solution fitness: 1299.0
[01.12.2016 16:48:07,564] [main] INFO  org.jgap.gp.impl.GPGenotype  - Best solution: Hardware + ((((RAWFP / 6.134910282680174) + Duration) / Language) + Duration)
[01.12.2016 16:48:07,564] [main] INFO  org.jgap.gp.impl.GPGenotype  - Depth of chrom: 5
[01.12.2016 16:48:07,629] [main] INFO  org.jgap.gp.impl.GPGenotype  - Best solution fitness: 1295.0
[01.12.2016 16:48:07,629] [main] INFO  org.jgap.gp.impl.GPGenotype  - Best solution: Hardware + (((((RAWFP / 6.200088498183867) + Duration) / Language) - Language) + Duration)
[01.12.2016 16:48:07,629] [main] INFO  org.jgap.gp.impl.GPGenotype  - Depth of chrom: 6
[01.12.2016 16:48:07,803] [main] INFO  org.jgap.gp.impl.GPGenotype  - Evolving generation 50, memory free: 254.4 MB
[01.12.2016 16:48:07,824] [main] INFO  org.jgap.gp.impl.GPGenotype  - Best solution fitness: 1292.0
[01.12.2016 16:48:07,824] [main] INFO  org.jgap.gp.impl.GPGenotype  - Best solution: (Hardware + ((Hardware + (((RAWFP / 6.134910282680174) + Duration) / Language)) - Language)) + Duration
[01.12.2016 16:48:07,824] [main] INFO  org.jgap.gp.impl.GPGenotype  - Depth of chrom: 7
[01.12.2016 16:48:07,879] [main] INFO  org.jgap.gp.impl.GPGenotype  - Best solution fitness: 1289.0
[01.12.2016 16:48:07,880] [main] INFO  org.jgap.gp.impl.GPGenotype  - Best solution: ((Hardware + (Hardware + (((RAWFP / 6.200088498183867) + Duration) / Language))) - Language) + Duration
[01.12.2016 16:48:07,880] [main] INFO  org.jgap.gp.impl.GPGenotype  - Depth of chrom: 7
[01.12.2016 16:48:08,053] [main] INFO  org.jgap.gp.impl.GPGenotype  - Best solution fitness: 1285.0
[01.12.2016 16:48:08,053] [main] INFO  org.jgap.gp.impl.GPGenotype  - Best solution: Hardware + (Hardware + (Hardware + (((RAWFP / 6.200088498183867) + Duration) / Language)))
[01.12.2016 16:48:08,053] [main] INFO  org.jgap.gp.impl.GPGenotype  - Depth of chrom: 6
[01.12.2016 16:48:08,226] [main] INFO  org.jgap.gp.impl.GPGenotype  - Evolving generation 75, memory free: 293.8 MB
[01.12.2016 16:48:08,273] [main] INFO  org.jgap.gp.impl.GPGenotype  - Best solution fitness: 1276.0
[01.12.2016 16:48:08,273] [main] INFO  org.jgap.gp.impl.GPGenotype  - Best solution: Hardware + (Hardware + (Hardware + ((Hardware + ((RAWFP / 6.200088498183867) + Duration)) / Language)))
[01.12.2016 16:48:08,273] [main] INFO  org.jgap.gp.impl.GPGenotype  - Depth of chrom: 7
[01.12.2016 16:48:08,353] [main] INFO  org.jgap.gp.impl.GPGenotype  - Best solution fitness: 1269.0
[01.12.2016 16:48:08,354] [main] INFO  org.jgap.gp.impl.GPGenotype  - Best solution: Hardware + (Hardware + (Hardware + (((Hardware + (RAWFP / 6.200088498183867)) / Language) + Duration)))
[01.12.2016 16:48:08,354] [main] INFO  org.jgap.gp.impl.GPGenotype  - Depth of chrom: 7
[01.12.2016 16:48:08,447] [main] INFO  org.jgap.gp.impl.GPGenotype  - Best solution fitness: 1267.0
[01.12.2016 16:48:08,448] [main] INFO  org.jgap.gp.impl.GPGenotype  - Best solution: Hardware + (Hardware + (((Hardware + (Hardware + (RAWFP / 6.200088498183867))) / Language) + Duration))
[01.12.2016 16:48:08,448] [main] INFO  org.jgap.gp.impl.GPGenotype  - Depth of chrom: 7
[01.12.2016 16:48:08,622] [main] INFO  org.jgap.gp.impl.GPGenotype  - Best solution fitness: 1267.0
[01.12.2016 16:48:08,622] [main] INFO  org.jgap.gp.impl.GPGenotype  - Best solution: Hardware + (Hardware + (((Hardware + (Hardware + (RAWFP / 6.200088498183867))) / Language) + Duration))
[01.12.2016 16:48:08,622] [main] INFO  org.jgap.gp.impl.GPGenotype  - Depth of chrom: 7
